Performing C SOURCE FILE Test CMAKE_HAVE_LIBC_PTHREAD failed with the following output:
Change Dir: /workspaces/log/build_l3/CMakeFiles/CMakeTmp

Run Build Command(s):/usr/bin/make cmTC_5e8ac/fast && /usr/bin/make -f CMakeFiles/cmTC_5e8ac.dir/build.make CMakeFiles/cmTC_5e8ac.dir/build
make[1]: Entering directory '/workspaces/log/build_l3/CMakeFiles/CMakeTmp'
Building C object CMakeFiles/cmTC_5e8ac.dir/src.c.o
/usr/bin/cc   -DCMAKE_HAVE_LIBC_PTHREAD -fPIE   -o CMakeFiles/cmTC_5e8ac.dir/src.c.o   -c /workspaces/log/build_l3/CMakeFiles/CMakeTmp/src.c
Linking C executable cmTC_5e8ac
/usr/bin/cmake -E cmake_link_script CMakeFiles/cmTC_5e8ac.dir/link.txt --verbose=1
/usr/bin/cc  -DCMAKE_HAVE_LIBC_PTHREAD    CMakeFiles/cmTC_5e8ac.dir/src.c.o  -o cmTC_5e8ac 
/usr/bin/ld: CMakeFiles/cmTC_5e8ac.dir/src.c.o: in function `main':
src.c:(.text+0x48): undefined reference to `pthread_create'
/usr/bin/ld: src.c:(.text+0x50): undefined reference to `pthread_detach'
/usr/bin/ld: src.c:(.text+0x5c): undefined reference to `pthread_join'
collect2: error: ld returned 1 exit status
make[1]: *** [CMakeFiles/cmTC_5e8ac.dir/build.make:87: cmTC_5e8ac] Error 1
make[1]: Leaving directory '/workspaces/log/build_l3/CMakeFiles/CMakeTmp'
make: *** [Makefile:121: cmTC_5e8ac/fast] Error 2


Source file was:
#include <pthread.h>

void* test_func(void* data)
{
  return data;
}

int main(void)
{
  pthread_t thread;
  pthread_create(&thread, NULL, test_func, NULL);
  pthread_detach(thread);
  pthread_join(thread, NULL);
  pthread_atfork(NULL, NULL, NULL);
  pthread_exit(NULL);

  return 0;
}

Determining if the function pthread_create exists in the pthreads failed with the following output:
Change Dir: /workspaces/log/build_l3/CMakeFiles/CMakeTmp

Run Build Command(s):/usr/bin/make cmTC_0518e/fast && /usr/bin/make -f CMakeFiles/cmTC_0518e.dir/build.make CMakeFiles/cmTC_0518e.dir/build
make[1]: Entering directory '/workspaces/log/build_l3/CMakeFiles/CMakeTmp'
Building C object CMakeFiles/cmTC_0518e.dir/CheckFunctionExists.c.o
/usr/bin/cc   -DCHECK_FUNCTION_EXISTS=pthread_create -fPIE   -o CMakeFiles/cmTC_0518e.dir/CheckFunctionExists.c.o   -c /usr/share/cmake-3.16/Modules/CheckFunctionExists.c
Linking C executable cmTC_0518e
/usr/bin/cmake -E cmake_link_script CMakeFiles/cmTC_0518e.dir/link.txt --verbose=1
/usr/bin/cc  -DCHECK_FUNCTION_EXISTS=pthread_create    CMakeFiles/cmTC_0518e.dir/CheckFunctionExists.c.o  -o cmTC_0518e  -lpthreads 
/usr/bin/ld: cannot find -lpthreads
collect2: error: ld returned 1 exit status
make[1]: *** [CMakeFiles/cmTC_0518e.dir/build.make:87: cmTC_0518e] Error 1
make[1]: Leaving directory '/workspaces/log/build_l3/CMakeFiles/CMakeTmp'
make: *** [Makefile:121: cmTC_0518e/fast] Error 2



